2025-05-29 00:45:03.481 [main] ERROR com.dashtech.smartfactory.service.SerialCommunicationService - Failed to open serial port: COM1
2025-05-29 00:45:03.482 [main] ERROR com.dashtech.smartfactory.SmartFactoryApplication - Failed to start serial communication service
2025-05-29 00:45:03.483 [main] ERROR com.dashtech.smartfactory.SmartFactoryApplication - Failed to initialize Smart Factory Application
java.lang.RuntimeException: Serial communication initialization failed
	at com.dashtech.smartfactory.SmartFactoryApplication.contextInitialized(SmartFactoryApplication.java:41) [classes/:1.0.0]
	at org.apache.catalina.core.StandardContext.listenerStart(StandardContext.java:4059) [catalina.jar:9.0.105]
	at org.apache.catalina.core.StandardContext.startInternal(StandardContext.java:4501) [catalina.jar:9.0.105]
	at org.apache.catalina.util.LifecycleBase.start(LifecycleBase.java:164) [catalina.jar:9.0.105]
	at org.apache.catalina.core.ContainerBase.addChildInternal(ContainerBase.java:599) [catalina.jar:9.0.105]
	at org.apache.catalina.core.ContainerBase.addChild(ContainerBase.java:571) [catalina.jar:9.0.105]
	at org.apache.catalina.core.StandardHost.addChild(StandardHost.java:603) [catalina.jar:9.0.105]
	at org.apache.catalina.startup.HostConfig.deployWAR(HostConfig.java:1012) [catalina.jar:9.0.105]
	at org.apache.catalina.startup.HostConfig$DeployWar.run(HostConfig.java:1860) [catalina.jar:9.0.105]
	at java.base/java.util.concurrent.Executors$RunnableAdapter.call(Executors.java:539) [?:?]
	at java.base/java.util.concurrent.FutureTask.run(FutureTask.java:264) [?:?]
	at org.apache.tomcat.util.threads.InlineExecutorService.execute(InlineExecutorService.java:76) [tomcat-util.jar:9.0.105]
	at java.base/java.util.concurrent.AbstractExecutorService.submit(AbstractExecutorService.java:123) [?:?]
	at org.apache.catalina.startup.HostConfig.deployWARs(HostConfig.java:817) [catalina.jar:9.0.105]
	at org.apache.catalina.startup.HostConfig.deployApps(HostConfig.java:468) [catalina.jar:9.0.105]
	at org.apache.catalina.startup.HostConfig.start(HostConfig.java:1578) [catalina.jar:9.0.105]
	at org.apache.catalina.startup.HostConfig.lifecycleEvent(HostConfig.java:312) [catalina.jar:9.0.105]
	at org.apache.catalina.util.LifecycleBase.fireLifecycleEvent(LifecycleBase.java:109) [catalina.jar:9.0.105]
	at org.apache.catalina.util.LifecycleBase.setStateInternal(LifecycleBase.java:389) [catalina.jar:9.0.105]
	at org.apache.catalina.util.LifecycleBase.setState(LifecycleBase.java:336) [catalina.jar:9.0.105]
	at org.apache.catalina.core.ContainerBase.startInternal(ContainerBase.java:776) [catalina.jar:9.0.105]
	at org.apache.catalina.core.StandardHost.startInternal(StandardHost.java:721) [catalina.jar:9.0.105]
	at org.apache.catalina.util.LifecycleBase.start(LifecycleBase.java:164) [catalina.jar:9.0.105]
	at org.apache.catalina.core.ContainerBase$StartChild.call(ContainerBase.java:1203) [catalina.jar:9.0.105]
	at org.apache.catalina.core.ContainerBase$StartChild.call(ContainerBase.java:1193) [catalina.jar:9.0.105]
	at java.base/java.util.concurrent.FutureTask.run(FutureTask.java:264) [?:?]
	at org.apache.tomcat.util.threads.InlineExecutorService.execute(InlineExecutorService.java:76) [tomcat-util.jar:9.0.105]
	at java.base/java.util.concurrent.AbstractExecutorService.submit(AbstractExecutorService.java:145) [?:?]
	at org.apache.catalina.core.ContainerBase.startInternal(ContainerBase.java:749) [catalina.jar:9.0.105]
	at org.apache.catalina.core.StandardEngine.startInternal(StandardEngine.java:211) [catalina.jar:9.0.105]
	at org.apache.catalina.util.LifecycleBase.start(LifecycleBase.java:164) [catalina.jar:9.0.105]
	at org.apache.catalina.core.StandardService.startInternal(StandardService.java:412) [catalina.jar:9.0.105]
	at org.apache.catalina.util.LifecycleBase.start(LifecycleBase.java:164) [catalina.jar:9.0.105]
	at org.apache.catalina.core.StandardServer.startInternal(StandardServer.java:874) [catalina.jar:9.0.105]
	at org.apache.catalina.util.LifecycleBase.start(LifecycleBase.java:164) [catalina.jar:9.0.105]
	at org.apache.catalina.startup.Catalina.start(Catalina.java:739) [catalina.jar:9.0.105]
	at java.base/jdk.internal.reflect.DirectMethodHandleAccessor.invoke(DirectMethodHandleAccessor.java:104) ~[?:?]
	at java.base/java.lang.reflect.Method.invoke(Method.java:577) ~[?:?]
	at org.apache.catalina.startup.Bootstrap.start(Bootstrap.java:345) [bootstrap.jar:9.0.105]
	at org.apache.catalina.startup.Bootstrap.main(Bootstrap.java:476) [bootstrap.jar:9.0.105]
2025-05-29 00:46:52.912 [main] ERROR com.dashtech.smartfactory.service.SerialCommunicationService - Failed to open serial port: COM1
2025-05-29 00:46:52.913 [main] ERROR com.dashtech.smartfactory.SmartFactoryApplication - Failed to start serial communication service
2025-05-29 00:46:52.913 [main] ERROR com.dashtech.smartfactory.SmartFactoryApplication - Failed to initialize Smart Factory Application
java.lang.RuntimeException: Serial communication initialization failed
	at com.dashtech.smartfactory.SmartFactoryApplication.contextInitialized(SmartFactoryApplication.java:41) [classes/:1.0.0]
	at org.apache.catalina.core.StandardContext.listenerStart(StandardContext.java:4059) [catalina.jar:9.0.105]
	at org.apache.catalina.core.StandardContext.startInternal(StandardContext.java:4501) [catalina.jar:9.0.105]
	at org.apache.catalina.util.LifecycleBase.start(LifecycleBase.java:164) [catalina.jar:9.0.105]
	at org.apache.catalina.core.ContainerBase.addChildInternal(ContainerBase.java:599) [catalina.jar:9.0.105]
	at org.apache.catalina.core.ContainerBase.addChild(ContainerBase.java:571) [catalina.jar:9.0.105]
	at org.apache.catalina.core.StandardHost.addChild(StandardHost.java:603) [catalina.jar:9.0.105]
	at org.apache.catalina.startup.HostConfig.deployWAR(HostConfig.java:1012) [catalina.jar:9.0.105]
	at org.apache.catalina.startup.HostConfig$DeployWar.run(HostConfig.java:1860) [catalina.jar:9.0.105]
	at java.base/java.util.concurrent.Executors$RunnableAdapter.call(Executors.java:539) [?:?]
	at java.base/java.util.concurrent.FutureTask.run(FutureTask.java:264) [?:?]
	at org.apache.tomcat.util.threads.InlineExecutorService.execute(InlineExecutorService.java:76) [tomcat-util.jar:9.0.105]
	at java.base/java.util.concurrent.AbstractExecutorService.submit(AbstractExecutorService.java:123) [?:?]
	at org.apache.catalina.startup.HostConfig.deployWARs(HostConfig.java:817) [catalina.jar:9.0.105]
	at org.apache.catalina.startup.HostConfig.deployApps(HostConfig.java:468) [catalina.jar:9.0.105]
	at org.apache.catalina.startup.HostConfig.start(HostConfig.java:1578) [catalina.jar:9.0.105]
	at org.apache.catalina.startup.HostConfig.lifecycleEvent(HostConfig.java:312) [catalina.jar:9.0.105]
	at org.apache.catalina.util.LifecycleBase.fireLifecycleEvent(LifecycleBase.java:109) [catalina.jar:9.0.105]
	at org.apache.catalina.util.LifecycleBase.setStateInternal(LifecycleBase.java:389) [catalina.jar:9.0.105]
	at org.apache.catalina.util.LifecycleBase.setState(LifecycleBase.java:336) [catalina.jar:9.0.105]
	at org.apache.catalina.core.ContainerBase.startInternal(ContainerBase.java:776) [catalina.jar:9.0.105]
	at org.apache.catalina.core.StandardHost.startInternal(StandardHost.java:721) [catalina.jar:9.0.105]
	at org.apache.catalina.util.LifecycleBase.start(LifecycleBase.java:164) [catalina.jar:9.0.105]
	at org.apache.catalina.core.ContainerBase$StartChild.call(ContainerBase.java:1203) [catalina.jar:9.0.105]
	at org.apache.catalina.core.ContainerBase$StartChild.call(ContainerBase.java:1193) [catalina.jar:9.0.105]
	at java.base/java.util.concurrent.FutureTask.run(FutureTask.java:264) [?:?]
	at org.apache.tomcat.util.threads.InlineExecutorService.execute(InlineExecutorService.java:76) [tomcat-util.jar:9.0.105]
	at java.base/java.util.concurrent.AbstractExecutorService.submit(AbstractExecutorService.java:145) [?:?]
	at org.apache.catalina.core.ContainerBase.startInternal(ContainerBase.java:749) [catalina.jar:9.0.105]
	at org.apache.catalina.core.StandardEngine.startInternal(StandardEngine.java:211) [catalina.jar:9.0.105]
	at org.apache.catalina.util.LifecycleBase.start(LifecycleBase.java:164) [catalina.jar:9.0.105]
	at org.apache.catalina.core.StandardService.startInternal(StandardService.java:412) [catalina.jar:9.0.105]
	at org.apache.catalina.util.LifecycleBase.start(LifecycleBase.java:164) [catalina.jar:9.0.105]
	at org.apache.catalina.core.StandardServer.startInternal(StandardServer.java:874) [catalina.jar:9.0.105]
	at org.apache.catalina.util.LifecycleBase.start(LifecycleBase.java:164) [catalina.jar:9.0.105]
	at org.apache.catalina.startup.Catalina.start(Catalina.java:739) [catalina.jar:9.0.105]
	at java.base/jdk.internal.reflect.DirectMethodHandleAccessor.invoke(DirectMethodHandleAccessor.java:104) ~[?:?]
	at java.base/java.lang.reflect.Method.invoke(Method.java:577) ~[?:?]
	at org.apache.catalina.startup.Bootstrap.start(Bootstrap.java:345) [bootstrap.jar:9.0.105]
	at org.apache.catalina.startup.Bootstrap.main(Bootstrap.java:476) [bootstrap.jar:9.0.105]
2025-05-29 00:47:37.122 [main] ERROR com.dashtech.smartfactory.service.SerialCommunicationService - Failed to open serial port: COM1
2025-05-29 00:47:37.123 [main] ERROR com.dashtech.smartfactory.SmartFactoryApplication - Failed to start serial communication service
2025-05-29 00:47:37.123 [main] ERROR com.dashtech.smartfactory.SmartFactoryApplication - Failed to initialize Smart Factory Application
java.lang.RuntimeException: Serial communication initialization failed
	at com.dashtech.smartfactory.SmartFactoryApplication.contextInitialized(SmartFactoryApplication.java:41) [classes/:1.0.0]
	at org.apache.catalina.core.StandardContext.listenerStart(StandardContext.java:4059) [catalina.jar:9.0.105]
	at org.apache.catalina.core.StandardContext.startInternal(StandardContext.java:4501) [catalina.jar:9.0.105]
	at org.apache.catalina.util.LifecycleBase.start(LifecycleBase.java:164) [catalina.jar:9.0.105]
	at org.apache.catalina.core.ContainerBase.addChildInternal(ContainerBase.java:599) [catalina.jar:9.0.105]
	at org.apache.catalina.core.ContainerBase.addChild(ContainerBase.java:571) [catalina.jar:9.0.105]
	at org.apache.catalina.core.StandardHost.addChild(StandardHost.java:603) [catalina.jar:9.0.105]
	at org.apache.catalina.startup.HostConfig.deployWAR(HostConfig.java:1012) [catalina.jar:9.0.105]
	at org.apache.catalina.startup.HostConfig$DeployWar.run(HostConfig.java:1860) [catalina.jar:9.0.105]
	at java.base/java.util.concurrent.Executors$RunnableAdapter.call(Executors.java:539) [?:?]
	at java.base/java.util.concurrent.FutureTask.run(FutureTask.java:264) [?:?]
	at org.apache.tomcat.util.threads.InlineExecutorService.execute(InlineExecutorService.java:76) [tomcat-util.jar:9.0.105]
	at java.base/java.util.concurrent.AbstractExecutorService.submit(AbstractExecutorService.java:123) [?:?]
	at org.apache.catalina.startup.HostConfig.deployWARs(HostConfig.java:817) [catalina.jar:9.0.105]
	at org.apache.catalina.startup.HostConfig.deployApps(HostConfig.java:468) [catalina.jar:9.0.105]
	at org.apache.catalina.startup.HostConfig.start(HostConfig.java:1578) [catalina.jar:9.0.105]
	at org.apache.catalina.startup.HostConfig.lifecycleEvent(HostConfig.java:312) [catalina.jar:9.0.105]
	at org.apache.catalina.util.LifecycleBase.fireLifecycleEvent(LifecycleBase.java:109) [catalina.jar:9.0.105]
	at org.apache.catalina.util.LifecycleBase.setStateInternal(LifecycleBase.java:389) [catalina.jar:9.0.105]
	at org.apache.catalina.util.LifecycleBase.setState(LifecycleBase.java:336) [catalina.jar:9.0.105]
	at org.apache.catalina.core.ContainerBase.startInternal(ContainerBase.java:776) [catalina.jar:9.0.105]
	at org.apache.catalina.core.StandardHost.startInternal(StandardHost.java:721) [catalina.jar:9.0.105]
	at org.apache.catalina.util.LifecycleBase.start(LifecycleBase.java:164) [catalina.jar:9.0.105]
	at org.apache.catalina.core.ContainerBase$StartChild.call(ContainerBase.java:1203) [catalina.jar:9.0.105]
	at org.apache.catalina.core.ContainerBase$StartChild.call(ContainerBase.java:1193) [catalina.jar:9.0.105]
	at java.base/java.util.concurrent.FutureTask.run(FutureTask.java:264) [?:?]
	at org.apache.tomcat.util.threads.InlineExecutorService.execute(InlineExecutorService.java:76) [tomcat-util.jar:9.0.105]
	at java.base/java.util.concurrent.AbstractExecutorService.submit(AbstractExecutorService.java:145) [?:?]
	at org.apache.catalina.core.ContainerBase.startInternal(ContainerBase.java:749) [catalina.jar:9.0.105]
	at org.apache.catalina.core.StandardEngine.startInternal(StandardEngine.java:211) [catalina.jar:9.0.105]
	at org.apache.catalina.util.LifecycleBase.start(LifecycleBase.java:164) [catalina.jar:9.0.105]
	at org.apache.catalina.core.StandardService.startInternal(StandardService.java:412) [catalina.jar:9.0.105]
	at org.apache.catalina.util.LifecycleBase.start(LifecycleBase.java:164) [catalina.jar:9.0.105]
	at org.apache.catalina.core.StandardServer.startInternal(StandardServer.java:874) [catalina.jar:9.0.105]
	at org.apache.catalina.util.LifecycleBase.start(LifecycleBase.java:164) [catalina.jar:9.0.105]
	at org.apache.catalina.startup.Catalina.start(Catalina.java:739) [catalina.jar:9.0.105]
	at java.base/jdk.internal.reflect.DirectMethodHandleAccessor.invoke(DirectMethodHandleAccessor.java:104) ~[?:?]
	at java.base/java.lang.reflect.Method.invoke(Method.java:577) ~[?:?]
	at org.apache.catalina.startup.Bootstrap.start(Bootstrap.java:345) [bootstrap.jar:9.0.105]
	at org.apache.catalina.startup.Bootstrap.main(Bootstrap.java:476) [bootstrap.jar:9.0.105]
2025-05-29 00:50:36.057 [main] ERROR com.dashtech.smartfactory.SmartFactoryApplication - Failed to initialize Smart Factory Application
java.lang.NullPointerException: Cannot invoke "com.dashtech.smartfactory.service.SerialCommunicationService.setPacketHandler(java.util.function.Consumer)" because "com.dashtech.smartfactory.websocket.SmartFactoryWebSocket.serialService" is null
	at com.dashtech.smartfactory.websocket.SmartFactoryWebSocket.setServices(SmartFactoryWebSocket.java:43) ~[classes/:1.0.0]
	at com.dashtech.smartfactory.SmartFactoryApplication.contextInitialized(SmartFactoryApplication.java:55) [classes/:1.0.0]
	at org.apache.catalina.core.StandardContext.listenerStart(StandardContext.java:4059) [catalina.jar:9.0.105]
	at org.apache.catalina.core.StandardContext.startInternal(StandardContext.java:4501) [catalina.jar:9.0.105]
	at org.apache.catalina.util.LifecycleBase.start(LifecycleBase.java:164) [catalina.jar:9.0.105]
	at org.apache.catalina.core.ContainerBase.addChildInternal(ContainerBase.java:599) [catalina.jar:9.0.105]
	at org.apache.catalina.core.ContainerBase.addChild(ContainerBase.java:571) [catalina.jar:9.0.105]
	at org.apache.catalina.core.StandardHost.addChild(StandardHost.java:603) [catalina.jar:9.0.105]
	at org.apache.catalina.startup.HostConfig.deployWAR(HostConfig.java:1012) [catalina.jar:9.0.105]
	at org.apache.catalina.startup.HostConfig$DeployWar.run(HostConfig.java:1860) [catalina.jar:9.0.105]
	at java.base/java.util.concurrent.Executors$RunnableAdapter.call(Executors.java:539) [?:?]
	at java.base/java.util.concurrent.FutureTask.run(FutureTask.java:264) [?:?]
	at org.apache.tomcat.util.threads.InlineExecutorService.execute(InlineExecutorService.java:76) [tomcat-util.jar:9.0.105]
	at java.base/java.util.concurrent.AbstractExecutorService.submit(AbstractExecutorService.java:123) [?:?]
	at org.apache.catalina.startup.HostConfig.deployWARs(HostConfig.java:817) [catalina.jar:9.0.105]
	at org.apache.catalina.startup.HostConfig.deployApps(HostConfig.java:468) [catalina.jar:9.0.105]
	at org.apache.catalina.startup.HostConfig.start(HostConfig.java:1578) [catalina.jar:9.0.105]
	at org.apache.catalina.startup.HostConfig.lifecycleEvent(HostConfig.java:312) [catalina.jar:9.0.105]
	at org.apache.catalina.util.LifecycleBase.fireLifecycleEvent(LifecycleBase.java:109) [catalina.jar:9.0.105]
	at org.apache.catalina.util.LifecycleBase.setStateInternal(LifecycleBase.java:389) [catalina.jar:9.0.105]
	at org.apache.catalina.util.LifecycleBase.setState(LifecycleBase.java:336) [catalina.jar:9.0.105]
	at org.apache.catalina.core.ContainerBase.startInternal(ContainerBase.java:776) [catalina.jar:9.0.105]
	at org.apache.catalina.core.StandardHost.startInternal(StandardHost.java:721) [catalina.jar:9.0.105]
	at org.apache.catalina.util.LifecycleBase.start(LifecycleBase.java:164) [catalina.jar:9.0.105]
	at org.apache.catalina.core.ContainerBase$StartChild.call(ContainerBase.java:1203) [catalina.jar:9.0.105]
	at org.apache.catalina.core.ContainerBase$StartChild.call(ContainerBase.java:1193) [catalina.jar:9.0.105]
	at java.base/java.util.concurrent.FutureTask.run(FutureTask.java:264) [?:?]
	at org.apache.tomcat.util.threads.InlineExecutorService.execute(InlineExecutorService.java:76) [tomcat-util.jar:9.0.105]
	at java.base/java.util.concurrent.AbstractExecutorService.submit(AbstractExecutorService.java:145) [?:?]
	at org.apache.catalina.core.ContainerBase.startInternal(ContainerBase.java:749) [catalina.jar:9.0.105]
	at org.apache.catalina.core.StandardEngine.startInternal(StandardEngine.java:211) [catalina.jar:9.0.105]
	at org.apache.catalina.util.LifecycleBase.start(LifecycleBase.java:164) [catalina.jar:9.0.105]
	at org.apache.catalina.core.StandardService.startInternal(StandardService.java:412) [catalina.jar:9.0.105]
	at org.apache.catalina.util.LifecycleBase.start(LifecycleBase.java:164) [catalina.jar:9.0.105]
	at org.apache.catalina.core.StandardServer.startInternal(StandardServer.java:874) [catalina.jar:9.0.105]
	at org.apache.catalina.util.LifecycleBase.start(LifecycleBase.java:164) [catalina.jar:9.0.105]
	at org.apache.catalina.startup.Catalina.start(Catalina.java:739) [catalina.jar:9.0.105]
	at java.base/jdk.internal.reflect.DirectMethodHandleAccessor.invoke(DirectMethodHandleAccessor.java:104) ~[?:?]
	at java.base/java.lang.reflect.Method.invoke(Method.java:577) ~[?:?]
	at org.apache.catalina.startup.Bootstrap.start(Bootstrap.java:345) [bootstrap.jar:9.0.105]
	at org.apache.catalina.startup.Bootstrap.main(Bootstrap.java:476) [bootstrap.jar:9.0.105]
2025-05-29 02:55:06.441 [main] ERROR com.dashtech.smartfactory.service.DatabaseService - Failed to initialize DatabaseService: Failed to initialize pool: Database may be already in use: "E:/apache-tomcat-9/data/smartfactory.mv.db". Possible solutions: close all other connection(s); use the server mode [90020-224]
com.zaxxer.hikari.pool.HikariPool$PoolInitializationException: Failed to initialize pool: Database may be already in use: "E:/apache-tomcat-9/data/smartfactory.mv.db". Possible solutions: close all other connection(s); use the server mode [90020-224]
	at com.zaxxer.hikari.pool.HikariPool.throwPoolInitializationException(HikariPool.java:584) ~[HikariCP-5.1.0.jar:?]
	at com.zaxxer.hikari.pool.HikariPool.checkFailFast(HikariPool.java:571) ~[HikariCP-5.1.0.jar:?]
	at com.zaxxer.hikari.pool.HikariPool.<init>(HikariPool.java:98) ~[HikariCP-5.1.0.jar:?]
	at com.zaxxer.hikari.HikariDataSource.<init>(HikariDataSource.java:80) ~[HikariCP-5.1.0.jar:?]
	at com.dashtech.smartfactory.service.DatabaseService.initialize(DatabaseService.java:68) ~[classes/:1.0.0]
	at com.dashtech.smartfactory.service.DatabaseService.getInstance(DatabaseService.java:37) ~[classes/:1.0.0]
	at com.dashtech.smartfactory.service.DatabaseService.contextInitialized(DatabaseService.java:220) [classes/:1.0.0]
	at org.apache.catalina.core.StandardContext.listenerStart(StandardContext.java:4059) [catalina.jar:9.0.105]
	at org.apache.catalina.core.StandardContext.startInternal(StandardContext.java:4501) [catalina.jar:9.0.105]
	at org.apache.catalina.util.LifecycleBase.start(LifecycleBase.java:164) [catalina.jar:9.0.105]
	at org.apache.catalina.core.ContainerBase.addChildInternal(ContainerBase.java:599) [catalina.jar:9.0.105]
	at org.apache.catalina.core.ContainerBase.addChild(ContainerBase.java:571) [catalina.jar:9.0.105]
	at org.apache.catalina.core.StandardHost.addChild(StandardHost.java:603) [catalina.jar:9.0.105]
	at org.apache.catalina.startup.HostConfig.deployWAR(HostConfig.java:1012) [catalina.jar:9.0.105]
	at org.apache.catalina.startup.HostConfig$DeployWar.run(HostConfig.java:1860) [catalina.jar:9.0.105]
	at java.base/java.util.concurrent.Executors$RunnableAdapter.call(Executors.java:539) [?:?]
	at java.base/java.util.concurrent.FutureTask.run(FutureTask.java:264) [?:?]
	at org.apache.tomcat.util.threads.InlineExecutorService.execute(InlineExecutorService.java:76) [tomcat-util.jar:9.0.105]
	at java.base/java.util.concurrent.AbstractExecutorService.submit(AbstractExecutorService.java:123) [?:?]
	at org.apache.catalina.startup.HostConfig.deployWARs(HostConfig.java:817) [catalina.jar:9.0.105]
	at org.apache.catalina.startup.HostConfig.deployApps(HostConfig.java:468) [catalina.jar:9.0.105]
	at org.apache.catalina.startup.HostConfig.start(HostConfig.java:1578) [catalina.jar:9.0.105]
	at org.apache.catalina.startup.HostConfig.lifecycleEvent(HostConfig.java:312) [catalina.jar:9.0.105]
	at org.apache.catalina.util.LifecycleBase.fireLifecycleEvent(LifecycleBase.java:109) [catalina.jar:9.0.105]
	at org.apache.catalina.util.LifecycleBase.setStateInternal(LifecycleBase.java:389) [catalina.jar:9.0.105]
	at org.apache.catalina.util.LifecycleBase.setState(LifecycleBase.java:336) [catalina.jar:9.0.105]
	at org.apache.catalina.core.ContainerBase.startInternal(ContainerBase.java:776) [catalina.jar:9.0.105]
	at org.apache.catalina.core.StandardHost.startInternal(StandardHost.java:721) [catalina.jar:9.0.105]
	at org.apache.catalina.util.LifecycleBase.start(LifecycleBase.java:164) [catalina.jar:9.0.105]
	at org.apache.catalina.core.ContainerBase$StartChild.call(ContainerBase.java:1203) [catalina.jar:9.0.105]
	at org.apache.catalina.core.ContainerBase$StartChild.call(ContainerBase.java:1193) [catalina.jar:9.0.105]
	at java.base/java.util.concurrent.FutureTask.run(FutureTask.java:264) [?:?]
	at org.apache.tomcat.util.threads.InlineExecutorService.execute(InlineExecutorService.java:76) [tomcat-util.jar:9.0.105]
	at java.base/java.util.concurrent.AbstractExecutorService.submit(AbstractExecutorService.java:145) [?:?]
	at org.apache.catalina.core.ContainerBase.startInternal(ContainerBase.java:749) [catalina.jar:9.0.105]
	at org.apache.catalina.core.StandardEngine.startInternal(StandardEngine.java:211) [catalina.jar:9.0.105]
	at org.apache.catalina.util.LifecycleBase.start(LifecycleBase.java:164) [catalina.jar:9.0.105]
	at org.apache.catalina.core.StandardService.startInternal(StandardService.java:412) [catalina.jar:9.0.105]
	at org.apache.catalina.util.LifecycleBase.start(LifecycleBase.java:164) [catalina.jar:9.0.105]
	at org.apache.catalina.core.StandardServer.startInternal(StandardServer.java:874) [catalina.jar:9.0.105]
	at org.apache.catalina.util.LifecycleBase.start(LifecycleBase.java:164) [catalina.jar:9.0.105]
	at org.apache.catalina.startup.Catalina.start(Catalina.java:739) [catalina.jar:9.0.105]
	at java.base/jdk.internal.reflect.DirectMethodHandleAccessor.invoke(DirectMethodHandleAccessor.java:104) ~[?:?]
	at java.base/java.lang.reflect.Method.invoke(Method.java:577) ~[?:?]
	at org.apache.catalina.startup.Bootstrap.start(Bootstrap.java:345) [bootstrap.jar:9.0.105]
	at org.apache.catalina.startup.Bootstrap.main(Bootstrap.java:476) [bootstrap.jar:9.0.105]
Caused by: org.h2.jdbc.JdbcSQLNonTransientConnectionException: Database may be already in use: "E:/apache-tomcat-9/data/smartfactory.mv.db". Possible solutions: close all other connection(s); use the server mode [90020-224]
	at org.h2.message.DbException.getJdbcSQLException(DbException.java:690) ~[h2-2.2.224.jar:2.2.224]
	at org.h2.message.DbException.getJdbcSQLException(DbException.java:489) ~[h2-2.2.224.jar:2.2.224]
	at org.h2.message.DbException.get(DbException.java:212) ~[h2-2.2.224.jar:2.2.224]
	at org.h2.mvstore.db.Store.convertMVStoreException(Store.java:165) ~[h2-2.2.224.jar:2.2.224]
	at org.h2.mvstore.db.Store.<init>(Store.java:142) ~[h2-2.2.224.jar:2.2.224]
	at org.h2.engine.Database.<init>(Database.java:326) ~[h2-2.2.224.jar:2.2.224]
	at org.h2.engine.Engine.openSession(Engine.java:92) ~[h2-2.2.224.jar:2.2.224]
	at org.h2.engine.Engine.openSession(Engine.java:222) ~[h2-2.2.224.jar:2.2.224]
	at org.h2.engine.Engine.createSession(Engine.java:201) ~[h2-2.2.224.jar:2.2.224]
	at org.h2.engine.SessionRemote.connectEmbeddedOrServer(SessionRemote.java:343) ~[h2-2.2.224.jar:2.2.224]
	at org.h2.jdbc.JdbcConnection.<init>(JdbcConnection.java:125) ~[h2-2.2.224.jar:2.2.224]
	at org.h2.Driver.connect(Driver.java:59) ~[h2-2.2.224.jar:?]
	at com.zaxxer.hikari.util.DriverDataSource.getConnection(DriverDataSource.java:137) ~[HikariCP-5.1.0.jar:?]
	at com.zaxxer.hikari.pool.PoolBase.newConnection(PoolBase.java:360) ~[HikariCP-5.1.0.jar:?]
	at com.zaxxer.hikari.pool.PoolBase.newPoolEntry(PoolBase.java:202) ~[HikariCP-5.1.0.jar:?]
	at com.zaxxer.hikari.pool.HikariPool.createPoolEntry(HikariPool.java:461) ~[HikariCP-5.1.0.jar:?]
	at com.zaxxer.hikari.pool.HikariPool.checkFailFast(HikariPool.java:550) ~[HikariCP-5.1.0.jar:?]
	... 44 more
Caused by: org.h2.mvstore.MVStoreException: The file is locked: E:/apache-tomcat-9/data/smartfactory.mv.db [2.2.224/7]
	at org.h2.mvstore.DataUtils.newMVStoreException(DataUtils.java:996) ~[h2-2.2.224.jar:2.2.224]
	at org.h2.mvstore.SingleFileStore.lockFileChannel(SingleFileStore.java:143) ~[h2-2.2.224.jar:2.2.224]
	at org.h2.mvstore.SingleFileStore.open(SingleFileStore.java:117) ~[h2-2.2.224.jar:2.2.224]
	at org.h2.mvstore.SingleFileStore.open(SingleFileStore.java:81) ~[h2-2.2.224.jar:2.2.224]
	at org.h2.mvstore.MVStore.<init>(MVStore.java:286) ~[h2-2.2.224.jar:2.2.224]
	at org.h2.mvstore.MVStore$Builder.open(MVStore.java:2035) ~[h2-2.2.224.jar:2.2.224]
	at org.h2.mvstore.db.Store.<init>(Store.java:133) ~[h2-2.2.224.jar:2.2.224]
	at org.h2.engine.Database.<init>(Database.java:326) ~[h2-2.2.224.jar:2.2.224]
	at org.h2.engine.Engine.openSession(Engine.java:92) ~[h2-2.2.224.jar:2.2.224]
	at org.h2.engine.Engine.openSession(Engine.java:222) ~[h2-2.2.224.jar:2.2.224]
	at org.h2.engine.Engine.createSession(Engine.java:201) ~[h2-2.2.224.jar:2.2.224]
	at org.h2.engine.SessionRemote.connectEmbeddedOrServer(SessionRemote.java:343) ~[h2-2.2.224.jar:2.2.224]
	at org.h2.jdbc.JdbcConnection.<init>(JdbcConnection.java:125) ~[h2-2.2.224.jar:2.2.224]
	at org.h2.Driver.connect(Driver.java:59) ~[h2-2.2.224.jar:?]
	at com.zaxxer.hikari.util.DriverDataSource.getConnection(DriverDataSource.java:137) ~[HikariCP-5.1.0.jar:?]
	at com.zaxxer.hikari.pool.PoolBase.newConnection(PoolBase.java:360) ~[HikariCP-5.1.0.jar:?]
	at com.zaxxer.hikari.pool.PoolBase.newPoolEntry(PoolBase.java:202) ~[HikariCP-5.1.0.jar:?]
	at com.zaxxer.hikari.pool.HikariPool.createPoolEntry(HikariPool.java:461) ~[HikariCP-5.1.0.jar:?]
	at com.zaxxer.hikari.pool.HikariPool.checkFailFast(HikariPool.java:550) ~[HikariCP-5.1.0.jar:?]
	... 44 more
